<?xml version="1.0" encoding="UTF-8"?>
<testng-results ignored="0" total="1" passed="1" failed="0" skipped="0">
  <reporter-output>
  </reporter-output>
  <suite started-at="2020-12-09T03:02:22Z" name="Default suite" finished-at="2020-12-09T03:02:37Z" duration-ms="15077">
    <groups>
    </groups>
    <test started-at="2020-12-09T03:02:22Z" name="Default test" finished-at="2020-12-09T03:02:37Z" duration-ms="15077">
      <class name="searchDirectory.SearchDirectory">
        <test-method is-config="true" signature="startWebDriver()[pri:0, instance:searchDirectory.SearchDirectory@34a1d21f]" started-at="2020-12-08T21:02:22Z" name="startWebDriver" finished-at="2020-12-08T21:02:26Z" duration-ms="3602" status="PASS">
          <reporter-output>
          </reporter-output>
        </test-method> <!-- startWebDriver -->
        <test-method signature="SearchDirectory()[pri:0, instance:searchDirectory.SearchDirectory@34a1d21f]" started-at="2020-12-08T21:02:26Z" name="SearchDirectory" finished-at="2020-12-08T21:02:36Z" duration-ms="10648" status="PASS">
          <reporter-output>
          </reporter-output>
        </test-method> <!-- SearchDirectory -->
        <test-method is-config="true" signature="closeDriver()[pri:0, instance:searchDirectory.SearchDirectory@34a1d21f]" started-at="2020-12-08T21:02:36Z" name="closeDriver" finished-at="2020-12-08T21:02:37Z" duration-ms="808" status="PASS">
          <reporter-output>
          </reporter-output>
        </test-method> <!-- closeDriver -->
      </class> <!-- searchDirectory.SearchDirectory -->
    </test> <!-- Default test -->
  </suite> <!-- Default suite -->
</testng-results>
